<?xml version="1.0" encoding="UTF-8"?>
<!-- Generated by org.testng.reporters.JUnitReportReporter -->
<testsuite hostname="DESKTOP-TAO80JR" failures="0" tests="1" name="testng.testng.EX1Test" time="0.019" errors="0" timestamp="2023-02-18T17:27:59 IST" skipped="0">
  <testcase classname="testng.testng.EX1Test" name="mainTest" time="0.019"/>
  <system-out>
    <![CDATA[puja]]>
  </system-out>
</testsuite> <!-- testng.testng.EX1Test -->
